

*******************************************************************************
Fri Jun 16 14:01:09 2017


FIT:    data read from "fluid_params_F0.05.dat" u ($1)/100:($3 >=0.03 && $3 <=0.08  ? (log($3)) : 1/0)
        format = x:z
        #datapoints = 15
        residuals are weighted equally (unit weight)

function used for fitting: f(x)
	f(x) = a + b*x
fitted parameters initialized with current variable values

iter      chisq       delta/lim  lambda   a             b            
   0 2.7660211125e+02   0.00e+00  7.26e-01    1.000000e+00   1.000000e+00
   5 7.9767709059e-03  -4.35e-10  7.26e-06   -4.631355e+00   6.846322e+00

After 5 iterations the fit converged.
final sum of squares of residuals : 0.00797677
rel. change during last iteration : -4.34944e-15

degrees of freedom    (FIT_NDF)                        : 13
rms of residuals      (FIT_STDFIT) = sqrt(WSSR/ndf)    : 0.0247709
variance of residuals (reduced chisquare) = WSSR/ndf   : 0.000613598

Final set of parameters            Asymptotic Standard Error
=======================            ==========================
a               = -4.63136         +/- 0.03464      (0.748%)
b               = 6.84632          +/- 0.148        (2.162%)

correlation matrix of the fit parameters:
                a      b      
a               1.000 
b              -0.983  1.000 


*******************************************************************************
Fri Jun 16 14:01:09 2017


FIT:    data read from "fluid_params_F0.1.dat" u ($1)/100:($3 >=0.03 && $3 <=0.08  ? (log($3)) : 1/0)
        format = x:z
        #datapoints = 16
        residuals are weighted equally (unit weight)

function used for fitting: f(x)
	f(x) = a + b*x
fitted parameters initialized with current variable values

iter      chisq       delta/lim  lambda   a             b            
   0 2.9395944472e+02   0.00e+00  7.27e-01    1.000000e+00   1.000000e+00
   5 3.1008526763e-03  -8.39e-10  7.27e-06   -4.480370e+00   6.108748e+00

After 5 iterations the fit converged.
final sum of squares of residuals : 0.00310085
rel. change during last iteration : -8.39152e-15

degrees of freedom    (FIT_NDF)                        : 14
rms of residuals      (FIT_STDFIT) = sqrt(WSSR/ndf)    : 0.0148825
variance of residuals (reduced chisquare) = WSSR/ndf   : 0.000221489

Final set of parameters            Asymptotic Standard Error
=======================            ==========================
a               = -4.48037         +/- 0.01933      (0.4314%)
b               = 6.10875          +/- 0.08071      (1.321%)

correlation matrix of the fit parameters:
                a      b      
a               1.000 
b              -0.981  1.000 


*******************************************************************************
Fri Jun 16 14:01:09 2017


FIT:    data read from "fluid_params_F0.15.dat" u ($1)/100:($3 >=0.03 && $3 <=0.08  ? (log($3)) : 1/0)
        format = x:z
        #datapoints = 19
        residuals are weighted equally (unit weight)

function used for fitting: f(x)
	f(x) = a + b*x
fitted parameters initialized with current variable values

iter      chisq       delta/lim  lambda   a             b            
   0 3.5159502537e+02   0.00e+00  7.32e-01    1.000000e+00   1.000000e+00
   4 7.2310092902e-03  -1.41e-01  7.32e-05   -4.347435e+00   5.044006e+00

After 4 iterations the fit converged.
final sum of squares of residuals : 0.00723101
rel. change during last iteration : -1.40909e-06

degrees of freedom    (FIT_NDF)                        : 17
rms of residuals      (FIT_STDFIT) = sqrt(WSSR/ndf)    : 0.0206241
variance of residuals (reduced chisquare) = WSSR/ndf   : 0.000425353

Final set of parameters            Asymptotic Standard Error
=======================            ==========================
a               = -4.34744         +/- 0.02295      (0.528%)
b               = 5.04401          +/- 0.08638      (1.713%)

correlation matrix of the fit parameters:
                a      b      
a               1.000 
b              -0.979  1.000 


*******************************************************************************
Fri Jun 16 14:01:09 2017


FIT:    data read from "fluid_params_F0.2.dat" u ($1)/100:($3 >=0.03 && $3 <=0.08  ? (log($3)) : 1/0)
        format = x:z
        #datapoints = 21
        residuals are weighted equally (unit weight)

function used for fitting: f(x)
	f(x) = a + b*x
fitted parameters initialized with current variable values

iter      chisq       delta/lim  lambda   a             b            
   0 3.9348052298e+02   0.00e+00  7.34e-01    1.000000e+00   1.000000e+00
   4 2.0216723532e-03  -1.76e-01  7.34e-05   -4.287016e+00   4.569565e+00

After 4 iterations the fit converged.
final sum of squares of residuals : 0.00202167
rel. change during last iteration : -1.76274e-06

degrees of freedom    (FIT_NDF)                        : 19
rms of residuals      (FIT_STDFIT) = sqrt(WSSR/ndf)    : 0.0103152
variance of residuals (reduced chisquare) = WSSR/ndf   : 0.000106404

Final set of parameters            Asymptotic Standard Error
=======================            ==========================
a               = -4.28702         +/- 0.01029      (0.2399%)
b               = 4.56956          +/- 0.03717      (0.8135%)

correlation matrix of the fit parameters:
                a      b      
a               1.000 
b              -0.976  1.000 


*******************************************************************************
Fri Jun 16 14:01:09 2017


FIT:    data read from "fluid_params_F0.25.dat" u ($1)/100:($3 >=0.03 && $3 <=0.08  ? (log($3)) : 1/0)
        format = x:z
        #datapoints = 23
        residuals are weighted equally (unit weight)

function used for fitting: f(x)
	f(x) = a + b*x
fitted parameters initialized with current variable values

iter      chisq       delta/lim  lambda   a             b            
   0 4.3465051404e+02   0.00e+00  7.38e-01    1.000000e+00   1.000000e+00
   4 2.2182915061e-03  -6.76e-02  7.38e-05   -4.291679e+00   4.275719e+00

After 4 iterations the fit converged.
final sum of squares of residuals : 0.00221829
rel. change during last iteration : -6.76368e-07

degrees of freedom    (FIT_NDF)                        : 21
rms of residuals      (FIT_STDFIT) = sqrt(WSSR/ndf)    : 0.0102778
variance of residuals (reduced chisquare) = WSSR/ndf   : 0.000105633

Final set of parameters            Asymptotic Standard Error
=======================            ==========================
a               = -4.29168         +/- 0.009611     (0.224%)
b               = 4.27572          +/- 0.03231      (0.7556%)

correlation matrix of the fit parameters:
                a      b      
a               1.000 
b              -0.975  1.000 


*******************************************************************************
Fri Jun 16 14:01:09 2017


FIT:    data read from "fluid_params_F0.3.dat" u ($1)/100:($3 >=0.03 && $3 <=0.08  ? (log($3)) : 1/0)
        format = x:z
        #datapoints = 24
        residuals are weighted equally (unit weight)

function used for fitting: f(x)
	f(x) = a + b*x
fitted parameters initialized with current variable values

iter      chisq       delta/lim  lambda   a             b            
   0 4.5552211660e+02   0.00e+00  7.41e-01    1.000000e+00   1.000000e+00
   4 2.1440885424e-03  -4.63e-02  7.41e-05   -4.284303e+00   4.058513e+00

After 4 iterations the fit converged.
final sum of squares of residuals : 0.00214409
rel. change during last iteration : -4.62565e-07

degrees of freedom    (FIT_NDF)                        : 22
rms of residuals      (FIT_STDFIT) = sqrt(WSSR/ndf)    : 0.00987211
variance of residuals (reduced chisquare) = WSSR/ndf   : 9.74586e-05

Final set of parameters            Asymptotic Standard Error
=======================            ==========================
a               = -4.2843          +/- 0.009105     (0.2125%)
b               = 4.05851          +/- 0.02911      (0.7173%)

correlation matrix of the fit parameters:
                a      b      
a               1.000 
b              -0.975  1.000 


*******************************************************************************
Fri Jun 16 14:01:09 2017


FIT:    data read from "fluid_params_F0.35.dat" u ($1)/100:($3 >=0.03 && $3 <=0.08  ? (log($3)) : 1/0)
        format = x:z
        #datapoints = 26
        residuals are weighted equally (unit weight)

function used for fitting: f(x)
	f(x) = a + b*x
fitted parameters initialized with current variable values

iter      chisq       delta/lim  lambda   a             b            
   0 4.9665718574e+02   0.00e+00  7.45e-01    1.000000e+00   1.000000e+00
   4 3.8111958449e-03  -1.27e-02  7.45e-05   -4.312091e+00   3.913748e+00

After 4 iterations the fit converged.
final sum of squares of residuals : 0.0038112
rel. change during last iteration : -1.2688e-07

degrees of freedom    (FIT_NDF)                        : 24
rms of residuals      (FIT_STDFIT) = sqrt(WSSR/ndf)    : 0.0126016
variance of residuals (reduced chisquare) = WSSR/ndf   : 0.0001588

Final set of parameters            Asymptotic Standard Error
=======================            ==========================
a               = -4.31209         +/- 0.01099      (0.2549%)
b               = 3.91375          +/- 0.03295      (0.8419%)

correlation matrix of the fit parameters:
                a      b      
a               1.000 
b              -0.974  1.000 


*******************************************************************************
Fri Jun 16 14:01:09 2017


FIT:    data read from "fluid_params_F0.4.dat" u ($1)/100:($3 >=0.03 && $3 <=0.08  ? (log($3)) : 1/0)
        format = x:z
        #datapoints = 26
        residuals are weighted equally (unit weight)

function used for fitting: f(x)
	f(x) = a + b*x
fitted parameters initialized with current variable values

iter      chisq       delta/lim  lambda   a             b            
   0 5.0000097631e+02   0.00e+00  7.48e-01    1.000000e+00   1.000000e+00
   4 2.1747515121e-03  -2.19e-02  7.48e-05   -4.298585e+00   3.740657e+00

After 4 iterations the fit converged.
final sum of squares of residuals : 0.00217475
rel. change during last iteration : -2.19041e-07

degrees of freedom    (FIT_NDF)                        : 24
rms of residuals      (FIT_STDFIT) = sqrt(WSSR/ndf)    : 0.00951917
variance of residuals (reduced chisquare) = WSSR/ndf   : 9.06146e-05

Final set of parameters            Asymptotic Standard Error
=======================            ==========================
a               = -4.29859         +/- 0.008545     (0.1988%)
b               = 3.74066          +/- 0.02489      (0.6654%)

correlation matrix of the fit parameters:
                a      b      
a               1.000 
b              -0.976  1.000 


*******************************************************************************
Fri Jun 16 14:01:09 2017


FIT:    data read from "fluid_params_F0.45.dat" u ($1)/100:($3 >=0.03 && $3 <=0.08  ? (log($3)) : 1/0)
        format = x:z
        #datapoints = 28
        residuals are weighted equally (unit weight)

function used for fitting: f(x)
	f(x) = a + b*x
fitted parameters initialized with current variable values

iter      chisq       delta/lim  lambda   a             b            
   0 5.4197766941e+02   0.00e+00  7.53e-01    1.000000e+00   1.000000e+00
   4 2.9950379578e-03  -8.21e-03  7.53e-05   -4.322949e+00   3.615357e+00

After 4 iterations the fit converged.
final sum of squares of residuals : 0.00299504
rel. change during last iteration : -8.21388e-08

degrees of freedom    (FIT_NDF)                        : 26
rms of residuals      (FIT_STDFIT) = sqrt(WSSR/ndf)    : 0.0107328
variance of residuals (reduced chisquare) = WSSR/ndf   : 0.000115194

Final set of parameters            Asymptotic Standard Error
=======================            ==========================
a               = -4.32295         +/- 0.009142     (0.2115%)
b               = 3.61536          +/- 0.02511      (0.6945%)

correlation matrix of the fit parameters:
                a      b      
a               1.000 
b              -0.975  1.000 


*******************************************************************************
Fri Jun 16 14:01:09 2017


FIT:    data read from "fluid_params_F0.5.dat" u ($1)/100:($3 >=0.03 && $3 <=0.08  ? (log($3)) : 1/0)
        format = x:z
        #datapoints = 29
        residuals are weighted equally (unit weight)

function used for fitting: f(x)
	f(x) = a + b*x
fitted parameters initialized with current variable values

iter      chisq       delta/lim  lambda   a             b            
   0 5.6663657363e+02   0.00e+00  7.56e-01    1.000000e+00   1.000000e+00
   4 2.4491825900e-03  -6.95e-03  7.56e-05   -4.294094e+00   3.373652e+00

After 4 iterations the fit converged.
final sum of squares of residuals : 0.00244918
rel. change during last iteration : -6.95128e-08

degrees of freedom    (FIT_NDF)                        : 27
rms of residuals      (FIT_STDFIT) = sqrt(WSSR/ndf)    : 0.0095242
variance of residuals (reduced chisquare) = WSSR/ndf   : 9.07105e-05

Final set of parameters            Asymptotic Standard Error
=======================            ==========================
a               = -4.29409         +/- 0.008019     (0.1867%)
b               = 3.37365          +/- 0.02114      (0.6266%)

correlation matrix of the fit parameters:
                a      b      
a               1.000 
b              -0.975  1.000 


*******************************************************************************
Fri Jun 16 14:01:09 2017


FIT:    data read from "fluid_params_F0.55.dat" u ($1)/100:($3 >=0.03 && $3 <=0.08  ? (log($3)) : 1/0)
        format = x:z
        #datapoints = 30
        residuals are weighted equally (unit weight)

function used for fitting: f(x)
	f(x) = a + b*x
fitted parameters initialized with current variable values

iter      chisq       delta/lim  lambda   a             b            
   0 5.9114941716e+02   0.00e+00  7.63e-01    1.000000e+00   1.000000e+00
   4 4.0873269317e-03  -3.43e-03  7.63e-05   -4.344741e+00   3.304330e+00

After 4 iterations the fit converged.
final sum of squares of residuals : 0.00408733
rel. change during last iteration : -3.42984e-08

degrees of freedom    (FIT_NDF)                        : 28
rms of residuals      (FIT_STDFIT) = sqrt(WSSR/ndf)    : 0.0120821
variance of residuals (reduced chisquare) = WSSR/ndf   : 0.000145976

Final set of parameters            Asymptotic Standard Error
=======================            ==========================
a               = -4.34474         +/- 0.01031      (0.2372%)
b               = 3.30433          +/- 0.02549      (0.7713%)

correlation matrix of the fit parameters:
                a      b      
a               1.000 
b              -0.977  1.000 


*******************************************************************************
Fri Jun 16 14:01:09 2017


FIT:    data read from "fluid_params_F0.6.dat" u ($1)/100:($3 >=0.03 && $3 <=0.08  ? (log($3)) : 1/0)
        format = x:z
        #datapoints = 32
        residuals are weighted equally (unit weight)

function used for fitting: f(x)
	f(x) = a + b*x
fitted parameters initialized with current variable values

iter      chisq       delta/lim  lambda   a             b            
   0 6.3714746777e+02   0.00e+00  7.68e-01    1.000000e+00   1.000000e+00
   4 4.3032373769e-03  -1.75e-03  7.68e-05   -4.329556e+00   3.100309e+00

After 4 iterations the fit converged.
final sum of squares of residuals : 0.00430324
rel. change during last iteration : -1.75352e-08

degrees of freedom    (FIT_NDF)                        : 30
rms of residuals      (FIT_STDFIT) = sqrt(WSSR/ndf)    : 0.0119767
variance of residuals (reduced chisquare) = WSSR/ndf   : 0.000143441

Final set of parameters            Asymptotic Standard Error
=======================            ==========================
a               = -4.32956         +/- 0.009749     (0.2252%)
b               = 3.10031          +/- 0.02293      (0.7396%)

correlation matrix of the fit parameters:
                a      b      
a               1.000 
b              -0.976  1.000 


*******************************************************************************
Fri Jun 16 14:01:09 2017


FIT:    data read from "fluid_params_F0.65.dat" u ($1)/100:($3 >=0.03 && $3 <=0.08  ? (log($3)) : 1/0)
        format = x:z
        #datapoints = 33
        residuals are weighted equally (unit weight)

function used for fitting: f(x)
	f(x) = a + b*x
fitted parameters initialized with current variable values

iter      chisq       delta/lim  lambda   a             b            
   0 6.6724738515e+02   0.00e+00  7.78e-01    1.000000e+00   1.000000e+00
   4 3.9705209798e-03  -1.66e-03  7.78e-05   -4.357411e+00   2.921164e+00

After 4 iterations the fit converged.
final sum of squares of residuals : 0.00397052
rel. change during last iteration : -1.66187e-08

degrees of freedom    (FIT_NDF)                        : 31
rms of residuals      (FIT_STDFIT) = sqrt(WSSR/ndf)    : 0.0113173
variance of residuals (reduced chisquare) = WSSR/ndf   : 0.000128081

Final set of parameters            Asymptotic Standard Error
=======================            ==========================
a               = -4.35741         +/- 0.009517     (0.2184%)
b               = 2.92116          +/- 0.02069      (0.7083%)

correlation matrix of the fit parameters:
                a      b      
a               1.000 
b              -0.978  1.000 


*******************************************************************************
Fri Jun 16 14:01:09 2017


FIT:    data read from "fluid_params_F0.7.dat" u ($1)/100:($3 >=0.03 && $3 <=0.08  ? (log($3)) : 1/0)
        format = x:z
        #datapoints = 37
        residuals are weighted equally (unit weight)

function used for fitting: f(x)
	f(x) = a + b*x
fitted parameters initialized with current variable values

iter      chisq       delta/lim  lambda   a             b            
   0 7.6134214672e+02   0.00e+00  7.88e-01    1.000000e+00   1.000000e+00
   4 4.6392717500e-03  -4.65e-04  7.88e-05   -4.326544e+00   2.653810e+00

After 4 iterations the fit converged.
final sum of squares of residuals : 0.00463927
rel. change during last iteration : -4.65222e-09

degrees of freedom    (FIT_NDF)                        : 35
rms of residuals      (FIT_STDFIT) = sqrt(WSSR/ndf)    : 0.0115131
variance of residuals (reduced chisquare) = WSSR/ndf   : 0.000132551

Final set of parameters            Asymptotic Standard Error
=======================            ==========================
a               = -4.32654         +/- 0.008717     (0.2015%)
b               = 2.65381          +/- 0.01773      (0.668%)

correlation matrix of the fit parameters:
                a      b      
a               1.000 
b              -0.976  1.000 


*******************************************************************************
Fri Jun 16 14:01:09 2017


FIT:    data read from "fluid_params_F0.75.dat" u ($1)/100:($3 >=0.03 && $3 <=0.08  ? (log($3)) : 1/0)
        format = x:z
        #datapoints = 41
        residuals are weighted equally (unit weight)

function used for fitting: f(x)
	f(x) = a + b*x
fitted parameters initialized with current variable values

iter      chisq       delta/lim  lambda   a             b            
   0 8.6341000938e+02   0.00e+00  8.08e-01    1.000000e+00   1.000000e+00
   4 6.7059230554e-03  -1.56e-04  8.08e-05   -4.355876e+00   2.425947e+00

After 4 iterations the fit converged.
final sum of squares of residuals : 0.00670592
rel. change during last iteration : -1.56024e-09

degrees of freedom    (FIT_NDF)                        : 39
rms of residuals      (FIT_STDFIT) = sqrt(WSSR/ndf)    : 0.0131128
variance of residuals (reduced chisquare) = WSSR/ndf   : 0.000171947

Final set of parameters            Asymptotic Standard Error
=======================            ==========================
a               = -4.35588         +/- 0.009568     (0.2197%)
b               = 2.42595          +/- 0.01731      (0.7134%)

correlation matrix of the fit parameters:
                a      b      
a               1.000 
b              -0.977  1.000 


*******************************************************************************
Fri Jun 16 14:01:09 2017


FIT:    data read from "fluid_params_F0.8.dat" u ($1)/100:($3 >=0.03 && $3 <=0.08  ? (log($3)) : 1/0)
        format = x:z
        #datapoints = 46
        residuals are weighted equally (unit weight)

function used for fitting: f(x)
	f(x) = a + b*x
fitted parameters initialized with current variable values

iter      chisq       delta/lim  lambda   a             b            
   0 9.9598383452e+02   0.00e+00  8.32e-01    1.000000e+00   1.000000e+00
   4 8.2058249813e-03  -5.36e-05  8.32e-05   -4.328783e+00   2.120709e+00

After 4 iterations the fit converged.
final sum of squares of residuals : 0.00820582
rel. change during last iteration : -5.35844e-10

degrees of freedom    (FIT_NDF)                        : 44
rms of residuals      (FIT_STDFIT) = sqrt(WSSR/ndf)    : 0.0136564
variance of residuals (reduced chisquare) = WSSR/ndf   : 0.000186496

Final set of parameters            Asymptotic Standard Error
=======================            ==========================
a               = -4.32878         +/- 0.009394     (0.217%)
b               = 2.12071          +/- 0.01517      (0.7152%)

correlation matrix of the fit parameters:
                a      b      
a               1.000 
b              -0.977  1.000 


*******************************************************************************
Fri Jun 16 14:01:09 2017


FIT:    data read from "fluid_params_F0.85.dat" u ($1)/100:($3 >=0.03 && $3 <=0.08  ? (log($3)) : 1/0)
        format = x:z
        #datapoints = 54
        residuals are weighted equally (unit weight)

function used for fitting: f(x)
	f(x) = a + b*x
fitted parameters initialized with current variable values

iter      chisq       delta/lim  lambda   a             b            
   0 1.2306547039e+03   0.00e+00  8.80e-01    1.000000e+00   1.000000e+00
   4 1.1889013649e-02  -1.60e-05  8.80e-05   -4.373351e+00   1.829306e+00

After 4 iterations the fit converged.
final sum of squares of residuals : 0.011889
rel. change during last iteration : -1.60023e-10

degrees of freedom    (FIT_NDF)                        : 52
rms of residuals      (FIT_STDFIT) = sqrt(WSSR/ndf)    : 0.0151207
variance of residuals (reduced chisquare) = WSSR/ndf   : 0.000228635

Final set of parameters            Asymptotic Standard Error
=======================            ==========================
a               = -4.37335         +/- 0.00979      (0.2239%)
b               = 1.82931          +/- 0.0132       (0.7217%)

correlation matrix of the fit parameters:
                a      b      
a               1.000 
b              -0.978  1.000 


*******************************************************************************
Fri Jun 16 14:01:09 2017


FIT:    data read from "fluid_params_F0.9.dat" u ($1)/100:($3 >=0.03 && $3 <=0.08  ? (log($3)) : 1/0)
        format = x:z
        #datapoints = 70
        residuals are weighted equally (unit weight)

function used for fitting: f(x)
	f(x) = a + b*x
fitted parameters initialized with current variable values

iter      chisq       delta/lim  lambda   a             b            
   0 1.7265109130e+03   0.00e+00  9.64e-01    1.000000e+00   1.000000e+00
   4 2.9538603516e-02  -1.44e-06  9.64e-05   -4.338820e+00   1.412410e+00

After 4 iterations the fit converged.
final sum of squares of residuals : 0.0295386
rel. change during last iteration : -1.43769e-11

degrees of freedom    (FIT_NDF)                        : 68
rms of residuals      (FIT_STDFIT) = sqrt(WSSR/ndf)    : 0.0208421
variance of residuals (reduced chisquare) = WSSR/ndf   : 0.000434391

Final set of parameters            Asymptotic Standard Error
=======================            ==========================
a               = -4.33882         +/- 0.01143      (0.2635%)
b               = 1.41241          +/- 0.01233      (0.8729%)

correlation matrix of the fit parameters:
                a      b      
a               1.000 
b              -0.976  1.000 


*******************************************************************************
Fri Jun 16 14:01:09 2017


FIT:    data read from "fluid_params_F0.95.dat" u ($1)/100:($3 >=0.03 && $3 <=0.08  ? (log($3)) : 1/0)
        format = x:z
        #datapoints = 102
        residuals are weighted equally (unit weight)

function used for fitting: f(x)
	f(x) = a + b*x
fitted parameters initialized with current variable values

iter      chisq       delta/lim  lambda   a             b            
   0 3.1902104351e+03   0.00e+00  1.29e+00    1.000000e+00   1.000000e+00
   4 1.1506044948e-01  -1.05e-06  1.29e-04   -4.528918e+00   9.575158e-01

After 4 iterations the fit converged.
final sum of squares of residuals : 0.11506
rel. change during last iteration : -1.05009e-11

degrees of freedom    (FIT_NDF)                        : 100
rms of residuals      (FIT_STDFIT) = sqrt(WSSR/ndf)    : 0.0339206
variance of residuals (reduced chisquare) = WSSR/ndf   : 0.0011506

Final set of parameters            Asymptotic Standard Error
=======================            ==========================
a               = -4.52892         +/- 0.01738      (0.3838%)
b               = 0.957516         +/- 0.01141      (1.191%)

correlation matrix of the fit parameters:
                a      b      
a               1.000 
b              -0.981  1.000 


*******************************************************************************
Fri Jun 16 14:01:09 2017


FIT:    data read from "fluid_params_F0.96.dat" u ($1)/100:($3 >=0.03 && $3 <=0.08  ? (log($3)) : 1/0)
        format = x:z
        #datapoints = 127
        residuals are weighted equally (unit weight)

function used for fitting: f(x)
	f(x) = a + b*x
fitted parameters initialized with current variable values

iter      chisq       delta/lim  lambda   a             b            
   0 4.4561000707e+03   0.00e+00  1.48e+00    1.000000e+00   1.000000e+00
   4 2.6622301638e-01  -3.99e-07  1.48e-04   -4.490574e+00   7.599679e-01

After 4 iterations the fit converged.
final sum of squares of residuals : 0.266223
rel. change during last iteration : -3.99033e-12

degrees of freedom    (FIT_NDF)                        : 125
rms of residuals      (FIT_STDFIT) = sqrt(WSSR/ndf)    : 0.0461496
variance of residuals (reduced chisquare) = WSSR/ndf   : 0.00212978

Final set of parameters            Asymptotic Standard Error
=======================            ==========================
a               = -4.49057         +/- 0.02052      (0.4569%)
b               = 0.759968         +/- 0.01117      (1.47%)

correlation matrix of the fit parameters:
                a      b      
a               1.000 
b              -0.980  1.000 


*******************************************************************************
Fri Jun 16 14:01:09 2017


FIT:    data read from "fluid_params_F0.97.dat" u ($1)/100:($3 >=0.03 && $3 <=0.08  ? (log($3)) : 1/0)
        format = x:z
        #datapoints = 154
        residuals are weighted equally (unit weight)

function used for fitting: f(x)
	f(x) = a + b*x
fitted parameters initialized with current variable values

iter      chisq       delta/lim  lambda   a             b            
   0 7.0946381424e+03   0.00e+00  2.02e+00    1.000000e+00   1.000000e+00
   4 5.1700502951e-01  -7.48e-06  2.02e-04   -4.786267e+00   6.209433e-01

After 4 iterations the fit converged.
final sum of squares of residuals : 0.517005
rel. change during last iteration : -7.48399e-11

degrees of freedom    (FIT_NDF)                        : 152
rms of residuals      (FIT_STDFIT) = sqrt(WSSR/ndf)    : 0.0583211
variance of residuals (reduced chisquare) = WSSR/ndf   : 0.00340135

Final set of parameters            Asymptotic Standard Error
=======================            ==========================
a               = -4.78627         +/- 0.02825      (0.5902%)
b               = 0.620943         +/- 0.01057      (1.703%)

correlation matrix of the fit parameters:
                a      b      
a               1.000 
b              -0.986  1.000 


*******************************************************************************
Fri Jun 16 14:01:09 2017


FIT:    data read from "fluid_params_F0.98.dat" u ($1)/100:($3 >=0.03 && $3 <=0.08  ? (log($3)) : 1/0)
        format = x:z
BREAK: No data to fit